<?xml version="1.0" encoding="UTF-8"?>
<!-- Generated by org.testng.reporters.JUnitReportReporter -->
<testsuite hostname="DESKTOP-J4SRGEC" failures="0" tests="1" name="facebooksignuppage.facebooksignup" time="2.671" errors="0" timestamp="2024-07-04T16:09:30 IST" skipped="0">
  <testcase classname="facebooksignuppage.facebooksignup" name="signup" time="2.671"/>
  <system-out/>
</testsuite> <!-- facebooksignuppage.facebooksignup -->
