<?xml version="1.0" encoding="UTF-8"?>
<!-- Generated by org.testng.reporters.JUnitReportReporter -->
<testsuite hostname="DESKTOP-J4SRGEC" failures="0" tests="2" name="ebay.com.actions" time="8.293" errors="0" timestamp="2024-07-04T16:11:03 IST" skipped="0">
  <testcase classname="ebay.com.actions" name="Fashion" time="3.890"/>
  <system-out/>
  <testcase classname="ebay.com.actions" name="Electronics" time="4.403"/>
  <system-out/>
</testsuite> <!-- ebay.com.actions -->
