<?xml version="1.0" encoding="UTF-8"?>
<!-- Generated by org.testng.reporters.JUnitReportReporter -->
<testsuite hostname="DESKTOP-J4SRGEC" failures="0" tests="1" name="signuppage.facebooksignup" time="1.670" errors="0" timestamp="2024-07-04T10:39:30 IST" skipped="0">
  <testcase classname="signuppage.facebooksignup" name="signup" time="1.670"/>
  <system-out/>
</testsuite> <!-- signuppage.facebooksignup -->
